2022-05-03 08:40:42,411 INFO org.hibernate.validator.internal.util.Version [background-preinit] HV000001: Hibernate Validator 6.2.3.Final
2022-05-03 08:40:42,420 INFO com.demo.HighValueTxnApplication [main] Starting HighValueTxnApplication using Java 17.0.1 on USABOS519117L with PID 12372 (C:\Users\andrew.blackman\Documents\HighValueTransactions\HighValueTx_Login\target\classes started by andrew.blackman in C:\Users\andrew.blackman\Documents\HighValueTransactions\HighValueTx_Login)
2022-05-03 08:40:42,421 INFO com.demo.HighValueTxnApplication [main] No active profile set, falling back to 1 default profile: "default"
2022-05-03 08:40:43,031 INFO org.springframework.data.repository.config.RepositoryConfigurationDelegate [main] Bootstrapping Spring Data JPA repositories in DEFAULT mode.
2022-05-03 08:40:43,093 INFO org.springframework.data.repository.config.RepositoryConfigurationDelegate [main] Finished Spring Data repository scanning in 54 ms. Found 2 JPA repository interfaces.
2022-05-03 08:40:43,687 INFO org.springframework.boot.web.embedded.tomcat.TomcatWebServer [main] Tomcat initialized with port(s): 8082 (http)
2022-05-03 08:40:43,697 INFO org.apache.coyote.http11.Http11NioProtocol [main] Initializing ProtocolHandler ["http-nio-8082"]
2022-05-03 08:40:43,698 INFO org.apache.catalina.core.StandardService [main] Starting service [Tomcat]
2022-05-03 08:40:43,698 INFO org.apache.catalina.core.StandardEngine [main] Starting Servlet engine: [Apache Tomcat/9.0.60]
2022-05-03 08:40:43,818 INFO org.apache.catalina.core.ContainerBase.[Tomcat].[localhost].[/] [main] Initializing Spring embedded WebApplicationContext
2022-05-03 08:40:43,819 INFO org.springframework.boot.web.servlet.context.ServletWebServerApplicationContext [main] Root WebApplicationContext: initialization completed in 1364 ms
2022-05-03 08:40:43,875 WARN org.springframework.boot.autoconfigure.orm.jpa.JpaBaseConfiguration$JpaWebConfiguration [main] spring.jpa.open-in-view is enabled by default. Therefore, database queries may be performed during view rendering. Explicitly configure spring.jpa.open-in-view to disable this warning
2022-05-03 08:40:43,965 INFO org.hibernate.jpa.internal.util.LogHelper [main] HHH000204: Processing PersistenceUnitInfo [name: default]
2022-05-03 08:40:44,025 INFO org.hibernate.Version [main] HHH000412: Hibernate ORM core version 5.6.7.Final
2022-05-03 08:40:44,203 INFO org.hibernate.annotations.common.Version [main] HCANN000001: Hibernate Commons Annotations {5.1.2.Final}
2022-05-03 08:40:44,324 INFO com.zaxxer.hikari.HikariDataSource [main] HikariPool-1 - Starting...
2022-05-03 08:40:45,653 INFO com.zaxxer.hikari.HikariDataSource [main] HikariPool-1 - Start completed.
2022-05-03 08:40:45,686 INFO org.hibernate.dialect.Dialect [main] HHH000400: Using dialect: org.hibernate.dialect.PostgreSQL10Dialect
2022-05-03 08:40:46,426 INFO org.hibernate.engine.transaction.jta.platform.internal.JtaPlatformInitiator [main] HHH000490: Using JtaPlatform implementation: [org.hibernate.engine.transaction.jta.platform.internal.NoJtaPlatform]
2022-05-03 08:40:46,433 INFO org.springframework.orm.jpa.LocalContainerEntityManagerFactoryBean [main] Initialized JPA EntityManagerFactory for persistence unit 'default'
2022-05-03 08:40:47,142 INFO org.springframework.security.web.DefaultSecurityFilterChain [main] Will not secure any request
2022-05-03 08:40:47,790 WARN org.springframework.boot.autoconfigure.batch.JpaBatchConfigurer [main] JPA does not support custom isolation levels, so locks may not be taken when launching Jobs
2022-05-03 08:40:47,792 INFO org.springframework.batch.core.repository.support.JobRepositoryFactoryBean [main] No database type set, using meta data indicating: POSTGRES
2022-05-03 08:40:47,814 INFO org.springframework.batch.core.launch.support.SimpleJobLauncher [main] No TaskExecutor has been set, defaulting to synchronous executor.
2022-05-03 08:40:47,870 INFO org.apache.coyote.http11.Http11NioProtocol [main] Starting ProtocolHandler ["http-nio-8082"]
2022-05-03 08:40:47,888 INFO org.springframework.boot.web.embedded.tomcat.TomcatWebServer [main] Tomcat started on port(s): 8082 (http) with context path ''
2022-05-03 08:40:47,896 INFO com.demo.HighValueTxnApplication [main] Started HighValueTxnApplication in 5.734 seconds (JVM running for 6.434)
2022-05-03 08:40:57,206 INFO org.apache.catalina.core.ContainerBase.[Tomcat].[localhost].[/] [http-nio-8082-exec-1] Initializing Spring DispatcherServlet 'dispatcherServlet'
2022-05-03 08:40:57,206 INFO org.springframework.web.servlet.DispatcherServlet [http-nio-8082-exec-1] Initializing Servlet 'dispatcherServlet'
2022-05-03 08:40:57,207 INFO org.springframework.web.servlet.DispatcherServlet [http-nio-8082-exec-1] Completed initialization in 1 ms
2022-05-03 08:40:57,244 ERROR com.demo.security.AuthEntryPointJwt [http-nio-8082-exec-1] Unauthorized error: Full authentication is required to access this resource
2022-05-03 08:41:19,468 ERROR com.demo.security.AuthEntryPointJwt [http-nio-8082-exec-2] Unauthorized error: Full authentication is required to access this resource
2022-05-03 08:42:35,044 INFO org.springframework.boot.admin.SpringApplicationAdminMXBeanRegistrar$SpringApplicationAdmin [RMI TCP Connection(6)-127.0.0.1] Application shutdown requested.
2022-05-03 08:42:35,077 INFO org.springframework.orm.jpa.LocalContainerEntityManagerFactoryBean [RMI TCP Connection(6)-127.0.0.1] Closing JPA EntityManagerFactory for persistence unit 'default'
2022-05-03 08:42:35,079 INFO com.zaxxer.hikari.HikariDataSource [RMI TCP Connection(6)-127.0.0.1] HikariPool-1 - Shutdown initiated...
2022-05-03 08:42:35,086 INFO com.zaxxer.hikari.HikariDataSource [RMI TCP Connection(6)-127.0.0.1] HikariPool-1 - Shutdown completed.
